<?xml version="1.0" encoding="UTF-8"?>
<!-- Generated by org.testng.reporters.JUnitReportReporter -->
<testsuite hostname="DESKTOP-PO6I7CM" failures="0" tests="2" name="com.sdet.AppTest" time="0.111" errors="0" timestamp="2023-06-17T13:45:16 IST" skipped="0">
  <testcase classname="com.sdet.AppTest" name="testLogin1" time="0.105"/>
  <testcase classname="com.sdet.AppTest" name="testLogin2" time="0.006"/>
</testsuite> <!-- com.sdet.AppTest -->
