<?xml version="1.0" encoding="UTF-8"?>
<!-- Generated by org.testng.reporters.JUnitReportReporter -->
<testsuite hostname="DESKTOP-PO6I7CM" failures="0" tests="2" name="com.sdet.AppTest" time="0.175" errors="0" timestamp="2023-06-16T13:09:05 IST" skipped="0">
  <testcase classname="com.sdet.AppTest" name="testLogin1" time="0.160"/>
  <testcase classname="com.sdet.AppTest" name="testLogin2" time="0.015"/>
</testsuite> <!-- com.sdet.AppTest -->
