<?xml version="1.0" encoding="UTF-8"?>
<!-- Generated by org.testng.reporters.JUnitReportReporter -->
<testsuite hostname="DESKTOP-PO6I7CM" failures="0" tests="2" name="com.sdet.AppTest" time="0.117" errors="0" timestamp="2023-06-27T12:11:31 IST" skipped="0">
  <testcase classname="com.sdet.AppTest" name="testLogin2" time="0.004"/>
  <testcase classname="com.sdet.AppTest" name="testLogin1" time="0.113"/>
</testsuite> <!-- com.sdet.AppTest -->
